[0.654s] Invoking command in '/home/yusuf/ros2_usb_com_ws/src/usb_ros_com': PYTHONPATH=/home/yusuf/ros2_usb_com_ws/build/usb_ros_com/prefix_override:/usr/lib/python3/dist-packages/colcon_core/task/python/colcon_distutils_commands:/home/yusuf/ros2_usb_com_ws/install/usb_ros_com/lib/python3.10/site-packages:${PYTHONPATH} /usr/bin/python3 -W ignore:setup.py install is deprecated setup.py egg_info --egg-base ../../build/usb_ros_com build --build-base /home/yusuf/ros2_usb_com_ws/build/usb_ros_com/build install --record /home/yusuf/ros2_usb_com_ws/build/usb_ros_com/install.log --single-version-externally-managed install_data
[0.894s] running egg_info
[0.895s] writing ../../build/usb_ros_com/usb_ros_com.egg-info/PKG-INFO
[0.895s] writing dependency_links to ../../build/usb_ros_com/usb_ros_com.egg-info/dependency_links.txt
[0.895s] writing entry points to ../../build/usb_ros_com/usb_ros_com.egg-info/entry_points.txt
[0.895s] writing requirements to ../../build/usb_ros_com/usb_ros_com.egg-info/requires.txt
[0.895s] writing top-level names to ../../build/usb_ros_com/usb_ros_com.egg-info/top_level.txt
[0.898s] reading manifest file '../../build/usb_ros_com/usb_ros_com.egg-info/SOURCES.txt'
[0.898s] adding license file 'LICENSE'
[0.899s] writing manifest file '../../build/usb_ros_com/usb_ros_com.egg-info/SOURCES.txt'
[0.899s] running build
[0.900s] running build_py
[0.900s] copying usb_ros_com/usb.py -> /home/yusuf/ros2_usb_com_ws/build/usb_ros_com/build/lib/usb_ros_com
[0.900s] running install
[0.900s] running install_lib
[0.901s] copying /home/yusuf/ros2_usb_com_ws/build/usb_ros_com/build/lib/usb_ros_com/usb.py -> /home/yusuf/ros2_usb_com_ws/install/usb_ros_com/lib/python3.10/site-packages/usb_ros_com
[0.902s] byte-compiling /home/yusuf/ros2_usb_com_ws/install/usb_ros_com/lib/python3.10/site-packages/usb_ros_com/usb.py to usb.cpython-310.pyc
[0.903s] running install_data
[0.903s] running install_egg_info
[0.906s] removing '/home/yusuf/ros2_usb_com_ws/install/usb_ros_com/lib/python3.10/site-packages/usb_ros_com-0.0.0-py3.10.egg-info' (and everything under it)
[0.907s] Copying ../../build/usb_ros_com/usb_ros_com.egg-info to /home/yusuf/ros2_usb_com_ws/install/usb_ros_com/lib/python3.10/site-packages/usb_ros_com-0.0.0-py3.10.egg-info
[0.908s] running install_scripts
[0.928s] Installing usb script to /home/yusuf/ros2_usb_com_ws/install/usb_ros_com/lib/usb_ros_com
[0.928s] writing list of installed files to '/home/yusuf/ros2_usb_com_ws/build/usb_ros_com/install.log'
[0.956s] Invoked command in '/home/yusuf/ros2_usb_com_ws/src/usb_ros_com' returned '0': PYTHONPATH=/home/yusuf/ros2_usb_com_ws/build/usb_ros_com/prefix_override:/usr/lib/python3/dist-packages/colcon_core/task/python/colcon_distutils_commands:/home/yusuf/ros2_usb_com_ws/install/usb_ros_com/lib/python3.10/site-packages:${PYTHONPATH} /usr/bin/python3 -W ignore:setup.py install is deprecated setup.py egg_info --egg-base ../../build/usb_ros_com build --build-base /home/yusuf/ros2_usb_com_ws/build/usb_ros_com/build install --record /home/yusuf/ros2_usb_com_ws/build/usb_ros_com/install.log --single-version-externally-managed install_data
