[0.237s] DEBUG:colcon:Command line arguments: ['/usr/bin/colcon', 'build']
[0.237s] DEBUG:colcon:Parsed command line arguments: Namespace(log_base=None, log_level=None, verb_name='build', build_base='build', install_base='install', merge_install=False, symlink_install=False, test_result_base=None, continue_on_error=False, executor='parallel', parallel_workers=8, event_handlers=None, ignore_user_meta=False, metas=['./colcon.meta'], base_paths=['.'], packages_ignore=None, packages_ignore_regex=None, paths=None, packages_up_to=None, packages_up_to_regex=None, packages_above=None, packages_above_and_dependencies=None, packages_above_depth=None, packages_select_by_dep=None, packages_skip_by_dep=None, packages_skip_up_to=None, packages_select_build_failed=False, packages_skip_build_finished=False, packages_select_test_failures=False, packages_skip_test_passed=False, packages_select=None, packages_skip=None, packages_select_regex=None, packages_skip_regex=None, packages_start=None, packages_end=None, allow_overriding=[], cmake_args=None, cmake_target=None, cmake_target_skip_unavailable=False, cmake_clean_cache=False, cmake_clean_first=False, cmake_force_configure=False, ament_cmake_args=None, catkin_cmake_args=None, catkin_skip_building_tests=False, verb_parser=<colcon_defaults.argument_parser.defaults.DefaultArgumentsDecorator object at 0x7d956d425540>, verb_extension=<colcon_core.verb.build.BuildVerb object at 0x7d956d4250f0>, main=<bound method BuildVerb.main of <colcon_core.verb.build.BuildVerb object at 0x7d956d4250f0>>)
[0.691s] Level 1:colcon.colcon_core.package_discovery:discover_packages(colcon_meta) check parameters
[0.692s] Level 1:colcon.colcon_core.package_discovery:discover_packages(recursive) check parameters
[0.692s] Level 1:colcon.colcon_core.package_discovery:discover_packages(ignore) check parameters
[0.692s] Level 1:colcon.colcon_core.package_discovery:discover_packages(path) check parameters
[0.692s] Level 1:colcon.colcon_core.package_discovery:discover_packages(colcon_meta) discover
[0.692s] Level 1:colcon.colcon_core.package_discovery:discover_packages(recursive) discover
[0.692s] INFO:colcon.colcon_core.package_discovery:Crawling recursively for packages in '/home/yusuf/ros2_usb_com_ws'
[0.693s] Level 1:colcon.colcon_core.package_identification:_identify(.) by extensions ['ignore', 'ignore_ament_install']
[0.693s] Level 1:colcon.colcon_core.package_identification:_identify(.) by extension 'ignore'
[0.693s] Level 1:colcon.colcon_core.package_identification:_identify(.) by extension 'ignore_ament_install'
[0.693s] Level 1:colcon.colcon_core.package_identification:_identify(.) by extensions ['colcon_pkg']
[0.694s] Level 1:colcon.colcon_core.package_identification:_identify(.) by extension 'colcon_pkg'
[0.694s] Level 1:colcon.colcon_core.package_identification:_identify(.) by extensions ['colcon_meta']
[0.694s] Level 1:colcon.colcon_core.package_identification:_identify(.) by extension 'colcon_meta'
[0.694s] Level 1:colcon.colcon_core.package_identification:_identify(.) by extensions ['ros']
[0.694s] Level 1:colcon.colcon_core.package_identification:_identify(.) by extension 'ros'
[0.726s] Level 1:colcon.colcon_core.package_identification:_identify(.) by extensions ['cmake', 'python']
[0.726s] Level 1:colcon.colcon_core.package_identification:_identify(.) by extension 'cmake'
[0.726s] Level 1:colcon.colcon_core.package_identification:_identify(.) by extension 'python'
[0.727s] Level 1:colcon.colcon_core.package_identification:_identify(.) by extensions ['python_setup_py']
[0.727s] Level 1:colcon.colcon_core.package_identification:_identify(.) by extension 'python_setup_py'
[0.727s] Level 1:colcon.colcon_core.package_identification:_identify(build) by extensions ['ignore', 'ignore_ament_install']
[0.727s] Level 1:colcon.colcon_core.package_identification:_identify(build) by extension 'ignore'
[0.727s] Level 1:colcon.colcon_core.package_identification:_identify(build) ignored
[0.728s] Level 1:colcon.colcon_core.package_identification:_identify(install) by extensions ['ignore', 'ignore_ament_install']
[0.728s] Level 1:colcon.colcon_core.package_identification:_identify(install) by extension 'ignore'
[0.728s] Level 1:colcon.colcon_core.package_identification:_identify(install) ignored
[0.729s] Level 1:colcon.colcon_core.package_identification:_identify(log) by extensions ['ignore', 'ignore_ament_install']
[0.729s] Level 1:colcon.colcon_core.package_identification:_identify(log) by extension 'ignore'
[0.729s] Level 1:colcon.colcon_core.package_identification:_identify(log) ignored
[0.729s] Level 1:colcon.colcon_core.package_identification:_identify(src) by extensions ['ignore', 'ignore_ament_install']
[0.729s] Level 1:colcon.colcon_core.package_identification:_identify(src) by extension 'ignore'
[0.729s] Level 1:colcon.colcon_core.package_identification:_identify(src) by extension 'ignore_ament_install'
[0.730s] Level 1:colcon.colcon_core.package_identification:_identify(src) by extensions ['colcon_pkg']
[0.730s] Level 1:colcon.colcon_core.package_identification:_identify(src) by extension 'colcon_pkg'
[0.730s] Level 1:colcon.colcon_core.package_identification:_identify(src) by extensions ['colcon_meta']
[0.730s] Level 1:colcon.colcon_core.package_identification:_identify(src) by extension 'colcon_meta'
[0.730s] Level 1:colcon.colcon_core.package_identification:_identify(src) by extensions ['ros']
[0.730s] Level 1:colcon.colcon_core.package_identification:_identify(src) by extension 'ros'
[0.730s] Level 1:colcon.colcon_core.package_identification:_identify(src) by extensions ['cmake', 'python']
[0.730s] Level 1:colcon.colcon_core.package_identification:_identify(src) by extension 'cmake'
[0.730s] Level 1:colcon.colcon_core.package_identification:_identify(src) by extension 'python'
[0.730s] Level 1:colcon.colcon_core.package_identification:_identify(src) by extensions ['python_setup_py']
[0.731s] Level 1:colcon.colcon_core.package_identification:_identify(src) by extension 'python_setup_py'
[0.731s] Level 1:colcon.colcon_core.package_identification:_identify(src/usb_ros_com) by extensions ['ignore', 'ignore_ament_install']
[0.731s] Level 1:colcon.colcon_core.package_identification:_identify(src/usb_ros_com) by extension 'ignore'
[0.731s] Level 1:colcon.colcon_core.package_identification:_identify(src/usb_ros_com) by extension 'ignore_ament_install'
[0.731s] Level 1:colcon.colcon_core.package_identification:_identify(src/usb_ros_com) by extensions ['colcon_pkg']
[0.731s] Level 1:colcon.colcon_core.package_identification:_identify(src/usb_ros_com) by extension 'colcon_pkg'
[0.731s] Level 1:colcon.colcon_core.package_identification:_identify(src/usb_ros_com) by extensions ['colcon_meta']
[0.731s] Level 1:colcon.colcon_core.package_identification:_identify(src/usb_ros_com) by extension 'colcon_meta'
[0.732s] Level 1:colcon.colcon_core.package_identification:_identify(src/usb_ros_com) by extensions ['ros']
[0.732s] Level 1:colcon.colcon_core.package_identification:_identify(src/usb_ros_com) by extension 'ros'
[0.738s] DEBUG:colcon.colcon_core.package_identification:Package 'src/usb_ros_com' with type 'ros.ament_python' and name 'usb_ros_com'
[0.739s] Level 1:colcon.colcon_core.package_discovery:discover_packages(recursive) using defaults
[0.739s] Level 1:colcon.colcon_core.package_discovery:discover_packages(ignore) discover
[0.739s] Level 1:colcon.colcon_core.package_discovery:discover_packages(ignore) using defaults
[0.739s] Level 1:colcon.colcon_core.package_discovery:discover_packages(path) discover
[0.739s] Level 1:colcon.colcon_core.package_discovery:discover_packages(path) using defaults
[0.791s] Level 1:colcon.colcon_core.package_discovery:discover_packages(prefix_path) check parameters
[0.791s] Level 1:colcon.colcon_core.package_discovery:discover_packages(prefix_path) discover
[0.795s] DEBUG:colcon.colcon_installed_package_information.package_discovery:Found 1 installed packages in /home/yusuf/ros2_usb_com_ws/install
[0.796s] DEBUG:colcon.colcon_installed_package_information.package_discovery:Found 1 installed packages in /home/yusuf/tcp/install
[0.797s] DEBUG:colcon.colcon_installed_package_information.package_discovery:Found 3 installed packages in /home/yusuf/turtlebot3_ws/install
[0.801s] DEBUG:colcon.colcon_installed_package_information.package_discovery:Found 395 installed packages in /opt/ros/humble
[0.828s] Level 1:colcon.colcon_core.package_discovery:discover_packages(prefix_path) using defaults
[0.990s] Level 5:colcon.colcon_core.verb:set package 'usb_ros_com' build argument 'cmake_args' from command line to 'None'
[0.991s] Level 5:colcon.colcon_core.verb:set package 'usb_ros_com' build argument 'cmake_target' from command line to 'None'
[0.991s] Level 5:colcon.colcon_core.verb:set package 'usb_ros_com' build argument 'cmake_target_skip_unavailable' from command line to 'False'
[0.991s] Level 5:colcon.colcon_core.verb:set package 'usb_ros_com' build argument 'cmake_clean_cache' from command line to 'False'
[0.991s] Level 5:colcon.colcon_core.verb:set package 'usb_ros_com' build argument 'cmake_clean_first' from command line to 'False'
[0.991s] Level 5:colcon.colcon_core.verb:set package 'usb_ros_com' build argument 'cmake_force_configure' from command line to 'False'
[0.991s] Level 5:colcon.colcon_core.verb:set package 'usb_ros_com' build argument 'ament_cmake_args' from command line to 'None'
[0.991s] Level 5:colcon.colcon_core.verb:set package 'usb_ros_com' build argument 'catkin_cmake_args' from command line to 'None'
[0.991s] Level 5:colcon.colcon_core.verb:set package 'usb_ros_com' build argument 'catkin_skip_building_tests' from command line to 'False'
[0.992s] DEBUG:colcon.colcon_core.verb:Building package 'usb_ros_com' with the following arguments: {'ament_cmake_args': None, 'build_base': '/home/yusuf/ros2_usb_com_ws/build/usb_ros_com', 'catkin_cmake_args': None, 'catkin_skip_building_tests': False, 'cmake_args': None, 'cmake_clean_cache': False, 'cmake_clean_first': False, 'cmake_force_configure': False, 'cmake_target': None, 'cmake_target_skip_unavailable': False, 'install_base': '/home/yusuf/ros2_usb_com_ws/install/usb_ros_com', 'merge_install': False, 'path': '/home/yusuf/ros2_usb_com_ws/src/usb_ros_com', 'symlink_install': False, 'test_result_base': None}
[0.993s] INFO:colcon.colcon_core.executor:Executing jobs using 'parallel' executor
[0.998s] DEBUG:colcon.colcon_parallel_executor.executor.parallel:run_until_complete
[0.999s] INFO:colcon.colcon_ros.task.ament_python.build:Building ROS package in '/home/yusuf/ros2_usb_com_ws/src/usb_ros_com' with build type 'ament_python'
[1.000s] Level 1:colcon.colcon_core.shell:create_environment_hook('usb_ros_com', 'ament_prefix_path')
[1.007s] INFO:colcon.colcon_core.plugin_system:Skipping extension 'colcon_core.shell.bat': Not used on non-Windows systems
[1.008s] INFO:colcon.colcon_core.shell:Creating environment hook '/home/yusuf/ros2_usb_com_ws/install/usb_ros_com/share/usb_ros_com/hook/ament_prefix_path.ps1'
[1.011s] INFO:colcon.colcon_core.shell:Creating environment descriptor '/home/yusuf/ros2_usb_com_ws/install/usb_ros_com/share/usb_ros_com/hook/ament_prefix_path.dsv'
[1.013s] INFO:colcon.colcon_core.shell:Creating environment hook '/home/yusuf/ros2_usb_com_ws/install/usb_ros_com/share/usb_ros_com/hook/ament_prefix_path.sh'
[1.015s] INFO:colcon.colcon_core.shell:Skip shell extension 'powershell' for command environment: Not usable outside of PowerShell
[1.015s] DEBUG:colcon.colcon_core.shell:Skip shell extension 'dsv' for command environment
[1.670s] INFO:colcon.colcon_core.task.python.build:Building Python package in '/home/yusuf/ros2_usb_com_ws/src/usb_ros_com'
[1.671s] INFO:colcon.colcon_core.shell:Skip shell extension 'powershell' for command environment: Not usable outside of PowerShell
[1.671s] DEBUG:colcon.colcon_core.shell:Skip shell extension 'dsv' for command environment
[2.525s] DEBUG:colcon.colcon_core.event_handler.log_command:Invoking command in '/home/yusuf/ros2_usb_com_ws/src/usb_ros_com': PYTHONPATH=/home/yusuf/ros2_usb_com_ws/build/usb_ros_com/prefix_override:/usr/lib/python3/dist-packages/colcon_core/task/python/colcon_distutils_commands:/home/yusuf/ros2_usb_com_ws/install/usb_ros_com/lib/python3.10/site-packages:${PYTHONPATH} /usr/bin/python3 -W ignore:setup.py install is deprecated setup.py egg_info --egg-base ../../build/usb_ros_com build --build-base /home/yusuf/ros2_usb_com_ws/build/usb_ros_com/build install --record /home/yusuf/ros2_usb_com_ws/build/usb_ros_com/install.log --single-version-externally-managed install_data
[3.209s] DEBUG:colcon.colcon_core.event_handler.log_command:Invoked command in '/home/yusuf/ros2_usb_com_ws/src/usb_ros_com' returned '0': PYTHONPATH=/home/yusuf/ros2_usb_com_ws/build/usb_ros_com/prefix_override:/usr/lib/python3/dist-packages/colcon_core/task/python/colcon_distutils_commands:/home/yusuf/ros2_usb_com_ws/install/usb_ros_com/lib/python3.10/site-packages:${PYTHONPATH} /usr/bin/python3 -W ignore:setup.py install is deprecated setup.py egg_info --egg-base ../../build/usb_ros_com build --build-base /home/yusuf/ros2_usb_com_ws/build/usb_ros_com/build install --record /home/yusuf/ros2_usb_com_ws/build/usb_ros_com/install.log --single-version-externally-managed install_data
[3.214s] Level 1:colcon.colcon_core.environment:checking '/home/yusuf/ros2_usb_com_ws/install/usb_ros_com' for CMake module files
[3.215s] Level 1:colcon.colcon_core.environment:checking '/home/yusuf/ros2_usb_com_ws/install/usb_ros_com' for CMake config files
[3.216s] Level 1:colcon.colcon_core.environment:checking '/home/yusuf/ros2_usb_com_ws/install/usb_ros_com/lib'
[3.216s] Level 1:colcon.colcon_core.environment:checking '/home/yusuf/ros2_usb_com_ws/install/usb_ros_com/bin'
[3.217s] Level 1:colcon.colcon_core.environment:checking '/home/yusuf/ros2_usb_com_ws/install/usb_ros_com/lib/pkgconfig/usb_ros_com.pc'
[3.217s] Level 1:colcon.colcon_core.environment:checking '/home/yusuf/ros2_usb_com_ws/install/usb_ros_com/lib/python3.10/site-packages'
[3.217s] Level 1:colcon.colcon_core.shell:create_environment_hook('usb_ros_com', 'pythonpath')
[3.218s] INFO:colcon.colcon_core.shell:Creating environment hook '/home/yusuf/ros2_usb_com_ws/install/usb_ros_com/share/usb_ros_com/hook/pythonpath.ps1'
[3.219s] INFO:colcon.colcon_core.shell:Creating environment descriptor '/home/yusuf/ros2_usb_com_ws/install/usb_ros_com/share/usb_ros_com/hook/pythonpath.dsv'
[3.220s] INFO:colcon.colcon_core.shell:Creating environment hook '/home/yusuf/ros2_usb_com_ws/install/usb_ros_com/share/usb_ros_com/hook/pythonpath.sh'
[3.221s] Level 1:colcon.colcon_core.environment:checking '/home/yusuf/ros2_usb_com_ws/install/usb_ros_com/bin'
[3.221s] Level 1:colcon.colcon_core.environment:create_environment_scripts_only(usb_ros_com)
[3.222s] INFO:colcon.colcon_core.shell:Creating package script '/home/yusuf/ros2_usb_com_ws/install/usb_ros_com/share/usb_ros_com/package.ps1'
[3.223s] INFO:colcon.colcon_core.shell:Creating package descriptor '/home/yusuf/ros2_usb_com_ws/install/usb_ros_com/share/usb_ros_com/package.dsv'
[3.225s] INFO:colcon.colcon_core.shell:Creating package script '/home/yusuf/ros2_usb_com_ws/install/usb_ros_com/share/usb_ros_com/package.sh'
[3.226s] INFO:colcon.colcon_core.shell:Creating package script '/home/yusuf/ros2_usb_com_ws/install/usb_ros_com/share/usb_ros_com/package.bash'
[3.228s] INFO:colcon.colcon_core.shell:Creating package script '/home/yusuf/ros2_usb_com_ws/install/usb_ros_com/share/usb_ros_com/package.zsh'
[3.229s] Level 1:colcon.colcon_core.environment:create_file_with_runtime_dependencies(/home/yusuf/ros2_usb_com_ws/install/usb_ros_com/share/colcon-core/packages/usb_ros_com)
[3.230s] DEBUG:colcon.colcon_parallel_executor.executor.parallel:closing loop
[3.231s] DEBUG:colcon.colcon_parallel_executor.executor.parallel:loop closed
[3.231s] DEBUG:colcon.colcon_parallel_executor.executor.parallel:run_until_complete finished with '0'
[3.231s] DEBUG:colcon.colcon_core.event_reactor:joining thread
[3.243s] INFO:colcon.colcon_core.plugin_system:Skipping extension 'colcon_notification.desktop_notification.terminal_notifier': Not used on non-Darwin systems
[3.243s] INFO:colcon.colcon_core.plugin_system:Skipping extension 'colcon_notification.desktop_notification.win32': Not used on non-Windows systems
[3.243s] INFO:colcon.colcon_notification.desktop_notification:Sending desktop notification using 'notify2'
[3.273s] DEBUG:colcon.colcon_core.event_reactor:joined thread
[3.274s] INFO:colcon.colcon_core.shell:Creating prefix script '/home/yusuf/ros2_usb_com_ws/install/local_setup.ps1'
[3.276s] INFO:colcon.colcon_core.shell:Creating prefix util module '/home/yusuf/ros2_usb_com_ws/install/_local_setup_util_ps1.py'
[3.280s] INFO:colcon.colcon_core.shell:Creating prefix chain script '/home/yusuf/ros2_usb_com_ws/install/setup.ps1'
[3.284s] INFO:colcon.colcon_core.shell:Creating prefix script '/home/yusuf/ros2_usb_com_ws/install/local_setup.sh'
[3.286s] INFO:colcon.colcon_core.shell:Creating prefix util module '/home/yusuf/ros2_usb_com_ws/install/_local_setup_util_sh.py'
[3.287s] INFO:colcon.colcon_core.shell:Creating prefix chain script '/home/yusuf/ros2_usb_com_ws/install/setup.sh'
[3.290s] INFO:colcon.colcon_core.shell:Creating prefix script '/home/yusuf/ros2_usb_com_ws/install/local_setup.bash'
[3.291s] INFO:colcon.colcon_core.shell:Creating prefix chain script '/home/yusuf/ros2_usb_com_ws/install/setup.bash'
[3.294s] INFO:colcon.colcon_core.shell:Creating prefix script '/home/yusuf/ros2_usb_com_ws/install/local_setup.zsh'
[3.296s] INFO:colcon.colcon_core.shell:Creating prefix chain script '/home/yusuf/ros2_usb_com_ws/install/setup.zsh'
