[0.238s] DEBUG:colcon:Command line arguments: ['/usr/bin/colcon', 'build']
[0.239s] DEBUG:colcon:Parsed command line arguments: Namespace(log_base=None, log_level=None, verb_name='build', build_base='build', install_base='install', merge_install=False, symlink_install=False, test_result_base=None, continue_on_error=False, executor='parallel', parallel_workers=8, event_handlers=None, ignore_user_meta=False, metas=['./colcon.meta'], base_paths=['.'], packages_ignore=None, packages_ignore_regex=None, paths=None, packages_up_to=None, packages_up_to_regex=None, packages_above=None, packages_above_and_dependencies=None, packages_above_depth=None, packages_select_by_dep=None, packages_skip_by_dep=None, packages_skip_up_to=None, packages_select_build_failed=False, packages_skip_build_finished=False, packages_select_test_failures=False, packages_skip_test_passed=False, packages_select=None, packages_skip=None, packages_select_regex=None, packages_skip_regex=None, packages_start=None, packages_end=None, allow_overriding=[], cmake_args=None, cmake_target=None, cmake_target_skip_unavailable=False, cmake_clean_cache=False, cmake_clean_first=False, cmake_force_configure=False, ament_cmake_args=None, catkin_cmake_args=None, catkin_skip_building_tests=False, verb_parser=<colcon_defaults.argument_parser.defaults.DefaultArgumentsDecorator object at 0x7f59c73a1750>, verb_extension=<colcon_core.verb.build.BuildVerb object at 0x7f59c73a1300>, main=<bound method BuildVerb.main of <colcon_core.verb.build.BuildVerb object at 0x7f59c73a1300>>)
[0.653s] Level 1:colcon.colcon_core.package_discovery:discover_packages(colcon_meta) check parameters
[0.654s] Level 1:colcon.colcon_core.package_discovery:discover_packages(recursive) check parameters
[0.654s] Level 1:colcon.colcon_core.package_discovery:discover_packages(ignore) check parameters
[0.654s] Level 1:colcon.colcon_core.package_discovery:discover_packages(path) check parameters
[0.654s] Level 1:colcon.colcon_core.package_discovery:discover_packages(colcon_meta) discover
[0.654s] Level 1:colcon.colcon_core.package_discovery:discover_packages(recursive) discover
[0.654s] INFO:colcon.colcon_core.package_discovery:Crawling recursively for packages in '/home/yusuf/ros2_usb_com_ws'
[0.654s] Level 1:colcon.colcon_core.package_identification:_identify(.) by extensions ['ignore', 'ignore_ament_install']
[0.655s] Level 1:colcon.colcon_core.package_identification:_identify(.) by extension 'ignore'
[0.655s] Level 1:colcon.colcon_core.package_identification:_identify(.) by extension 'ignore_ament_install'
[0.655s] Level 1:colcon.colcon_core.package_identification:_identify(.) by extensions ['colcon_pkg']
[0.655s] Level 1:colcon.colcon_core.package_identification:_identify(.) by extension 'colcon_pkg'
[0.655s] Level 1:colcon.colcon_core.package_identification:_identify(.) by extensions ['colcon_meta']
[0.655s] Level 1:colcon.colcon_core.package_identification:_identify(.) by extension 'colcon_meta'
[0.655s] Level 1:colcon.colcon_core.package_identification:_identify(.) by extensions ['ros']
[0.655s] Level 1:colcon.colcon_core.package_identification:_identify(.) by extension 'ros'
[0.679s] Level 1:colcon.colcon_core.package_identification:_identify(.) by extensions ['cmake', 'python']
[0.679s] Level 1:colcon.colcon_core.package_identification:_identify(.) by extension 'cmake'
[0.680s] Level 1:colcon.colcon_core.package_identification:_identify(.) by extension 'python'
[0.680s] Level 1:colcon.colcon_core.package_identification:_identify(.) by extensions ['python_setup_py']
[0.680s] Level 1:colcon.colcon_core.package_identification:_identify(.) by extension 'python_setup_py'
[0.680s] Level 1:colcon.colcon_core.package_identification:_identify(build) by extensions ['ignore', 'ignore_ament_install']
[0.680s] Level 1:colcon.colcon_core.package_identification:_identify(build) by extension 'ignore'
[0.680s] Level 1:colcon.colcon_core.package_identification:_identify(build) ignored
[0.681s] Level 1:colcon.colcon_core.package_identification:_identify(install) by extensions ['ignore', 'ignore_ament_install']
[0.681s] Level 1:colcon.colcon_core.package_identification:_identify(install) by extension 'ignore'
[0.681s] Level 1:colcon.colcon_core.package_identification:_identify(install) ignored
[0.681s] Level 1:colcon.colcon_core.package_identification:_identify(log) by extensions ['ignore', 'ignore_ament_install']
[0.681s] Level 1:colcon.colcon_core.package_identification:_identify(log) by extension 'ignore'
[0.681s] Level 1:colcon.colcon_core.package_identification:_identify(log) ignored
[0.682s] Level 1:colcon.colcon_core.package_identification:_identify(src) by extensions ['ignore', 'ignore_ament_install']
[0.682s] Level 1:colcon.colcon_core.package_identification:_identify(src) by extension 'ignore'
[0.682s] Level 1:colcon.colcon_core.package_identification:_identify(src) by extension 'ignore_ament_install'
[0.682s] Level 1:colcon.colcon_core.package_identification:_identify(src) by extensions ['colcon_pkg']
[0.682s] Level 1:colcon.colcon_core.package_identification:_identify(src) by extension 'colcon_pkg'
[0.682s] Level 1:colcon.colcon_core.package_identification:_identify(src) by extensions ['colcon_meta']
[0.682s] Level 1:colcon.colcon_core.package_identification:_identify(src) by extension 'colcon_meta'
[0.682s] Level 1:colcon.colcon_core.package_identification:_identify(src) by extensions ['ros']
[0.682s] Level 1:colcon.colcon_core.package_identification:_identify(src) by extension 'ros'
[0.683s] Level 1:colcon.colcon_core.package_identification:_identify(src) by extensions ['cmake', 'python']
[0.683s] Level 1:colcon.colcon_core.package_identification:_identify(src) by extension 'cmake'
[0.683s] Level 1:colcon.colcon_core.package_identification:_identify(src) by extension 'python'
[0.683s] Level 1:colcon.colcon_core.package_identification:_identify(src) by extensions ['python_setup_py']
[0.683s] Level 1:colcon.colcon_core.package_identification:_identify(src) by extension 'python_setup_py'
[0.683s] Level 1:colcon.colcon_core.package_identification:_identify(src/usb_ros_com) by extensions ['ignore', 'ignore_ament_install']
[0.683s] Level 1:colcon.colcon_core.package_identification:_identify(src/usb_ros_com) by extension 'ignore'
[0.683s] Level 1:colcon.colcon_core.package_identification:_identify(src/usb_ros_com) by extension 'ignore_ament_install'
[0.684s] Level 1:colcon.colcon_core.package_identification:_identify(src/usb_ros_com) by extensions ['colcon_pkg']
[0.684s] Level 1:colcon.colcon_core.package_identification:_identify(src/usb_ros_com) by extension 'colcon_pkg'
[0.684s] Level 1:colcon.colcon_core.package_identification:_identify(src/usb_ros_com) by extensions ['colcon_meta']
[0.684s] Level 1:colcon.colcon_core.package_identification:_identify(src/usb_ros_com) by extension 'colcon_meta'
[0.684s] Level 1:colcon.colcon_core.package_identification:_identify(src/usb_ros_com) by extensions ['ros']
[0.684s] Level 1:colcon.colcon_core.package_identification:_identify(src/usb_ros_com) by extension 'ros'
[0.689s] DEBUG:colcon.colcon_core.package_identification:Package 'src/usb_ros_com' with type 'ros.ament_python' and name 'usb_ros_com'
[0.689s] Level 1:colcon.colcon_core.package_discovery:discover_packages(recursive) using defaults
[0.689s] Level 1:colcon.colcon_core.package_discovery:discover_packages(ignore) discover
[0.689s] Level 1:colcon.colcon_core.package_discovery:discover_packages(ignore) using defaults
[0.689s] Level 1:colcon.colcon_core.package_discovery:discover_packages(path) discover
[0.689s] Level 1:colcon.colcon_core.package_discovery:discover_packages(path) using defaults
[0.731s] Level 1:colcon.colcon_core.package_discovery:discover_packages(prefix_path) check parameters
[0.731s] Level 1:colcon.colcon_core.package_discovery:discover_packages(prefix_path) discover
[0.735s] DEBUG:colcon.colcon_installed_package_information.package_discovery:Found 1 installed packages in /home/yusuf/ros2_usb_com_ws/install
[0.736s] DEBUG:colcon.colcon_installed_package_information.package_discovery:Found 1 installed packages in /home/yusuf/tcp/install
[0.737s] DEBUG:colcon.colcon_installed_package_information.package_discovery:Found 3 installed packages in /home/yusuf/turtlebot3_ws/install
[0.741s] DEBUG:colcon.colcon_installed_package_information.package_discovery:Found 395 installed packages in /opt/ros/humble
[0.765s] Level 1:colcon.colcon_core.package_discovery:discover_packages(prefix_path) using defaults
[0.870s] Level 5:colcon.colcon_core.verb:set package 'usb_ros_com' build argument 'cmake_args' from command line to 'None'
[0.871s] Level 5:colcon.colcon_core.verb:set package 'usb_ros_com' build argument 'cmake_target' from command line to 'None'
[0.871s] Level 5:colcon.colcon_core.verb:set package 'usb_ros_com' build argument 'cmake_target_skip_unavailable' from command line to 'False'
[0.871s] Level 5:colcon.colcon_core.verb:set package 'usb_ros_com' build argument 'cmake_clean_cache' from command line to 'False'
[0.871s] Level 5:colcon.colcon_core.verb:set package 'usb_ros_com' build argument 'cmake_clean_first' from command line to 'False'
[0.871s] Level 5:colcon.colcon_core.verb:set package 'usb_ros_com' build argument 'cmake_force_configure' from command line to 'False'
[0.871s] Level 5:colcon.colcon_core.verb:set package 'usb_ros_com' build argument 'ament_cmake_args' from command line to 'None'
[0.871s] Level 5:colcon.colcon_core.verb:set package 'usb_ros_com' build argument 'catkin_cmake_args' from command line to 'None'
[0.871s] Level 5:colcon.colcon_core.verb:set package 'usb_ros_com' build argument 'catkin_skip_building_tests' from command line to 'False'
[0.871s] DEBUG:colcon.colcon_core.verb:Building package 'usb_ros_com' with the following arguments: {'ament_cmake_args': None, 'build_base': '/home/yusuf/ros2_usb_com_ws/build/usb_ros_com', 'catkin_cmake_args': None, 'catkin_skip_building_tests': False, 'cmake_args': None, 'cmake_clean_cache': False, 'cmake_clean_first': False, 'cmake_force_configure': False, 'cmake_target': None, 'cmake_target_skip_unavailable': False, 'install_base': '/home/yusuf/ros2_usb_com_ws/install/usb_ros_com', 'merge_install': False, 'path': '/home/yusuf/ros2_usb_com_ws/src/usb_ros_com', 'symlink_install': False, 'test_result_base': None}
[0.871s] INFO:colcon.colcon_core.executor:Executing jobs using 'parallel' executor
[0.873s] DEBUG:colcon.colcon_parallel_executor.executor.parallel:run_until_complete
[0.874s] INFO:colcon.colcon_ros.task.ament_python.build:Building ROS package in '/home/yusuf/ros2_usb_com_ws/src/usb_ros_com' with build type 'ament_python'
[0.874s] Level 1:colcon.colcon_core.shell:create_environment_hook('usb_ros_com', 'ament_prefix_path')
[0.878s] INFO:colcon.colcon_core.plugin_system:Skipping extension 'colcon_core.shell.bat': Not used on non-Windows systems
[0.879s] INFO:colcon.colcon_core.shell:Creating environment hook '/home/yusuf/ros2_usb_com_ws/install/usb_ros_com/share/usb_ros_com/hook/ament_prefix_path.ps1'
[0.880s] INFO:colcon.colcon_core.shell:Creating environment descriptor '/home/yusuf/ros2_usb_com_ws/install/usb_ros_com/share/usb_ros_com/hook/ament_prefix_path.dsv'
[0.881s] INFO:colcon.colcon_core.shell:Creating environment hook '/home/yusuf/ros2_usb_com_ws/install/usb_ros_com/share/usb_ros_com/hook/ament_prefix_path.sh'
[0.883s] INFO:colcon.colcon_core.shell:Skip shell extension 'powershell' for command environment: Not usable outside of PowerShell
[0.883s] DEBUG:colcon.colcon_core.shell:Skip shell extension 'dsv' for command environment
[1.545s] INFO:colcon.colcon_core.task.python.build:Building Python package in '/home/yusuf/ros2_usb_com_ws/src/usb_ros_com'
[1.545s] INFO:colcon.colcon_core.shell:Skip shell extension 'powershell' for command environment: Not usable outside of PowerShell
[1.545s] DEBUG:colcon.colcon_core.shell:Skip shell extension 'dsv' for command environment
[2.440s] DEBUG:colcon.colcon_core.event_handler.log_command:Invoking command in '/home/yusuf/ros2_usb_com_ws/src/usb_ros_com': PYTHONPATH=/home/yusuf/ros2_usb_com_ws/build/usb_ros_com/prefix_override:/usr/lib/python3/dist-packages/colcon_core/task/python/colcon_distutils_commands:/home/yusuf/ros2_usb_com_ws/install/usb_ros_com/lib/python3.10/site-packages:${PYTHONPATH} /usr/bin/python3 -W ignore:setup.py install is deprecated setup.py egg_info --egg-base ../../build/usb_ros_com build --build-base /home/yusuf/ros2_usb_com_ws/build/usb_ros_com/build install --record /home/yusuf/ros2_usb_com_ws/build/usb_ros_com/install.log --single-version-externally-managed install_data
[3.174s] DEBUG:colcon.colcon_core.event_handler.log_command:Invoked command in '/home/yusuf/ros2_usb_com_ws/src/usb_ros_com' returned '0': PYTHONPATH=/home/yusuf/ros2_usb_com_ws/build/usb_ros_com/prefix_override:/usr/lib/python3/dist-packages/colcon_core/task/python/colcon_distutils_commands:/home/yusuf/ros2_usb_com_ws/install/usb_ros_com/lib/python3.10/site-packages:${PYTHONPATH} /usr/bin/python3 -W ignore:setup.py install is deprecated setup.py egg_info --egg-base ../../build/usb_ros_com build --build-base /home/yusuf/ros2_usb_com_ws/build/usb_ros_com/build install --record /home/yusuf/ros2_usb_com_ws/build/usb_ros_com/install.log --single-version-externally-managed install_data
[3.180s] Level 1:colcon.colcon_core.environment:checking '/home/yusuf/ros2_usb_com_ws/install/usb_ros_com' for CMake module files
[3.181s] Level 1:colcon.colcon_core.environment:checking '/home/yusuf/ros2_usb_com_ws/install/usb_ros_com' for CMake config files
[3.182s] Level 1:colcon.colcon_core.environment:checking '/home/yusuf/ros2_usb_com_ws/install/usb_ros_com/lib'
[3.182s] Level 1:colcon.colcon_core.environment:checking '/home/yusuf/ros2_usb_com_ws/install/usb_ros_com/bin'
[3.183s] Level 1:colcon.colcon_core.environment:checking '/home/yusuf/ros2_usb_com_ws/install/usb_ros_com/lib/pkgconfig/usb_ros_com.pc'
[3.183s] Level 1:colcon.colcon_core.environment:checking '/home/yusuf/ros2_usb_com_ws/install/usb_ros_com/lib/python3.10/site-packages'
[3.183s] Level 1:colcon.colcon_core.shell:create_environment_hook('usb_ros_com', 'pythonpath')
[3.184s] INFO:colcon.colcon_core.shell:Creating environment hook '/home/yusuf/ros2_usb_com_ws/install/usb_ros_com/share/usb_ros_com/hook/pythonpath.ps1'
[3.185s] INFO:colcon.colcon_core.shell:Creating environment descriptor '/home/yusuf/ros2_usb_com_ws/install/usb_ros_com/share/usb_ros_com/hook/pythonpath.dsv'
[3.186s] INFO:colcon.colcon_core.shell:Creating environment hook '/home/yusuf/ros2_usb_com_ws/install/usb_ros_com/share/usb_ros_com/hook/pythonpath.sh'
[3.188s] Level 1:colcon.colcon_core.environment:checking '/home/yusuf/ros2_usb_com_ws/install/usb_ros_com/bin'
[3.188s] Level 1:colcon.colcon_core.environment:create_environment_scripts_only(usb_ros_com)
[3.189s] INFO:colcon.colcon_core.shell:Creating package script '/home/yusuf/ros2_usb_com_ws/install/usb_ros_com/share/usb_ros_com/package.ps1'
[3.191s] INFO:colcon.colcon_core.shell:Creating package descriptor '/home/yusuf/ros2_usb_com_ws/install/usb_ros_com/share/usb_ros_com/package.dsv'
[3.192s] INFO:colcon.colcon_core.shell:Creating package script '/home/yusuf/ros2_usb_com_ws/install/usb_ros_com/share/usb_ros_com/package.sh'
[3.194s] INFO:colcon.colcon_core.shell:Creating package script '/home/yusuf/ros2_usb_com_ws/install/usb_ros_com/share/usb_ros_com/package.bash'
[3.196s] INFO:colcon.colcon_core.shell:Creating package script '/home/yusuf/ros2_usb_com_ws/install/usb_ros_com/share/usb_ros_com/package.zsh'
[3.197s] Level 1:colcon.colcon_core.environment:create_file_with_runtime_dependencies(/home/yusuf/ros2_usb_com_ws/install/usb_ros_com/share/colcon-core/packages/usb_ros_com)
[3.198s] DEBUG:colcon.colcon_parallel_executor.executor.parallel:closing loop
[3.199s] DEBUG:colcon.colcon_parallel_executor.executor.parallel:loop closed
[3.199s] DEBUG:colcon.colcon_parallel_executor.executor.parallel:run_until_complete finished with '0'
[3.199s] DEBUG:colcon.colcon_core.event_reactor:joining thread
[3.209s] INFO:colcon.colcon_core.plugin_system:Skipping extension 'colcon_notification.desktop_notification.terminal_notifier': Not used on non-Darwin systems
[3.210s] INFO:colcon.colcon_core.plugin_system:Skipping extension 'colcon_notification.desktop_notification.win32': Not used on non-Windows systems
[3.210s] INFO:colcon.colcon_notification.desktop_notification:Sending desktop notification using 'notify2'
[3.236s] DEBUG:colcon.colcon_core.event_reactor:joined thread
[3.237s] INFO:colcon.colcon_core.shell:Creating prefix script '/home/yusuf/ros2_usb_com_ws/install/local_setup.ps1'
[3.239s] INFO:colcon.colcon_core.shell:Creating prefix util module '/home/yusuf/ros2_usb_com_ws/install/_local_setup_util_ps1.py'
[3.243s] INFO:colcon.colcon_core.shell:Creating prefix chain script '/home/yusuf/ros2_usb_com_ws/install/setup.ps1'
[3.246s] INFO:colcon.colcon_core.shell:Creating prefix script '/home/yusuf/ros2_usb_com_ws/install/local_setup.sh'
[3.247s] INFO:colcon.colcon_core.shell:Creating prefix util module '/home/yusuf/ros2_usb_com_ws/install/_local_setup_util_sh.py'
[3.249s] INFO:colcon.colcon_core.shell:Creating prefix chain script '/home/yusuf/ros2_usb_com_ws/install/setup.sh'
[3.251s] INFO:colcon.colcon_core.shell:Creating prefix script '/home/yusuf/ros2_usb_com_ws/install/local_setup.bash'
[3.253s] INFO:colcon.colcon_core.shell:Creating prefix chain script '/home/yusuf/ros2_usb_com_ws/install/setup.bash'
[3.256s] INFO:colcon.colcon_core.shell:Creating prefix script '/home/yusuf/ros2_usb_com_ws/install/local_setup.zsh'
[3.257s] INFO:colcon.colcon_core.shell:Creating prefix chain script '/home/yusuf/ros2_usb_com_ws/install/setup.zsh'
