running egg_info
writing ../../build/usb_ros_com/usb_ros_com.egg-info/PKG-INFO
writing dependency_links to ../../build/usb_ros_com/usb_ros_com.egg-info/dependency_links.txt
writing entry points to ../../build/usb_ros_com/usb_ros_com.egg-info/entry_points.txt
writing requirements to ../../build/usb_ros_com/usb_ros_com.egg-info/requires.txt
writing top-level names to ../../build/usb_ros_com/usb_ros_com.egg-info/top_level.txt
reading manifest file '../../build/usb_ros_com/usb_ros_com.egg-info/SOURCES.txt'
adding license file 'LICENSE'
writing manifest file '../../build/usb_ros_com/usb_ros_com.egg-info/SOURCES.txt'
running build
running build_py
copying usb_ros_com/usb2.py -> /home/yusuf/ros2_usb_com_ws/build/usb_ros_com/build/lib/usb_ros_com
copying usb_ros_com/usb.py -> /home/yusuf/ros2_usb_com_ws/build/usb_ros_com/build/lib/usb_ros_com
running install
running install_lib
copying /home/yusuf/ros2_usb_com_ws/build/usb_ros_com/build/lib/usb_ros_com/usb2.py -> /home/yusuf/ros2_usb_com_ws/install/usb_ros_com/lib/python3.10/site-packages/usb_ros_com
copying /home/yusuf/ros2_usb_com_ws/build/usb_ros_com/build/lib/usb_ros_com/usb.py -> /home/yusuf/ros2_usb_com_ws/install/usb_ros_com/lib/python3.10/site-packages/usb_ros_com
byte-compiling /home/yusuf/ros2_usb_com_ws/install/usb_ros_com/lib/python3.10/site-packages/usb_ros_com/usb2.py to usb2.cpython-310.pyc
byte-compiling /home/yusuf/ros2_usb_com_ws/install/usb_ros_com/lib/python3.10/site-packages/usb_ros_com/usb.py to usb.cpython-310.pyc
running install_data
running install_egg_info
removing '/home/yusuf/ros2_usb_com_ws/install/usb_ros_com/lib/python3.10/site-packages/usb_ros_com-0.0.0-py3.10.egg-info' (and everything under it)
Copying ../../build/usb_ros_com/usb_ros_com.egg-info to /home/yusuf/ros2_usb_com_ws/install/usb_ros_com/lib/python3.10/site-packages/usb_ros_com-0.0.0-py3.10.egg-info
running install_scripts
Installing usb script to /home/yusuf/ros2_usb_com_ws/install/usb_ros_com/lib/usb_ros_com
writing list of installed files to '/home/yusuf/ros2_usb_com_ws/build/usb_ros_com/install.log'
