[1.549s] Invoking command in '/home/yusuf/ros2_usb_com_ws/src/usb_ros_com': PYTHONPATH=/home/yusuf/ros2_usb_com_ws/build/usb_ros_com/prefix_override:/usr/lib/python3/dist-packages/colcon_core/task/python/colcon_distutils_commands:/home/yusuf/ros2_usb_com_ws/install/usb_ros_com/lib/python3.10/site-packages:${PYTHONPATH} /usr/bin/python3 -W ignore:setup.py install is deprecated setup.py egg_info --egg-base ../../build/usb_ros_com build --build-base /home/yusuf/ros2_usb_com_ws/build/usb_ros_com/build install --record /home/yusuf/ros2_usb_com_ws/build/usb_ros_com/install.log --single-version-externally-managed install_data
[2.139s] running egg_info
[2.141s] writing ../../build/usb_ros_com/usb_ros_com.egg-info/PKG-INFO
[2.141s] writing dependency_links to ../../build/usb_ros_com/usb_ros_com.egg-info/dependency_links.txt
[2.142s] writing entry points to ../../build/usb_ros_com/usb_ros_com.egg-info/entry_points.txt
[2.142s] writing requirements to ../../build/usb_ros_com/usb_ros_com.egg-info/requires.txt
[2.142s] writing top-level names to ../../build/usb_ros_com/usb_ros_com.egg-info/top_level.txt
[2.147s] reading manifest file '../../build/usb_ros_com/usb_ros_com.egg-info/SOURCES.txt'
[2.147s] adding license file 'LICENSE'
[2.149s] writing manifest file '../../build/usb_ros_com/usb_ros_com.egg-info/SOURCES.txt'
[2.149s] running build
[2.149s] running build_py
[2.149s] copying usb_ros_com/usb.py -> /home/yusuf/ros2_usb_com_ws/build/usb_ros_com/build/lib/usb_ros_com
[2.152s] running install
[2.152s] running install_lib
[2.154s] copying /home/yusuf/ros2_usb_com_ws/build/usb_ros_com/build/lib/usb_ros_com/usb.py -> /home/yusuf/ros2_usb_com_ws/install/usb_ros_com/lib/python3.10/site-packages/usb_ros_com
[2.157s] byte-compiling /home/yusuf/ros2_usb_com_ws/install/usb_ros_com/lib/python3.10/site-packages/usb_ros_com/usb.py to usb.cpython-310.pyc
[2.159s] running install_data
[2.159s] running install_egg_info
[2.163s] removing '/home/yusuf/ros2_usb_com_ws/install/usb_ros_com/lib/python3.10/site-packages/usb_ros_com-0.0.0-py3.10.egg-info' (and everything under it)
[2.163s] Copying ../../build/usb_ros_com/usb_ros_com.egg-info to /home/yusuf/ros2_usb_com_ws/install/usb_ros_com/lib/python3.10/site-packages/usb_ros_com-0.0.0-py3.10.egg-info
[2.165s] running install_scripts
[2.212s] Installing usb script to /home/yusuf/ros2_usb_com_ws/install/usb_ros_com/lib/usb_ros_com
[2.213s] writing list of installed files to '/home/yusuf/ros2_usb_com_ws/build/usb_ros_com/install.log'
[2.263s] Invoked command in '/home/yusuf/ros2_usb_com_ws/src/usb_ros_com' returned '0': PYTHONPATH=/home/yusuf/ros2_usb_com_ws/build/usb_ros_com/prefix_override:/usr/lib/python3/dist-packages/colcon_core/task/python/colcon_distutils_commands:/home/yusuf/ros2_usb_com_ws/install/usb_ros_com/lib/python3.10/site-packages:${PYTHONPATH} /usr/bin/python3 -W ignore:setup.py install is deprecated setup.py egg_info --egg-base ../../build/usb_ros_com build --build-base /home/yusuf/ros2_usb_com_ws/build/usb_ros_com/build install --record /home/yusuf/ros2_usb_com_ws/build/usb_ros_com/install.log --single-version-externally-managed install_data
