[1.460s] Invoking command in '/home/yusuf/ros2_usb_com_ws/src/usb_ros_com': PYTHONPATH=/home/yusuf/ros2_usb_com_ws/build/usb_ros_com/prefix_override:/usr/lib/python3/dist-packages/colcon_core/task/python/colcon_distutils_commands:/home/yusuf/ros2_usb_com_ws/install/usb_ros_com/lib/python3.10/site-packages:${PYTHONPATH} /usr/bin/python3 -W ignore:setup.py install is deprecated setup.py egg_info --egg-base ../../build/usb_ros_com build --build-base /home/yusuf/ros2_usb_com_ws/build/usb_ros_com/build install --record /home/yusuf/ros2_usb_com_ws/build/usb_ros_com/install.log --single-version-externally-managed install_data
[1.991s] running egg_info
[1.992s] creating ../../build/usb_ros_com/usb_ros_com.egg-info
[1.992s] writing ../../build/usb_ros_com/usb_ros_com.egg-info/PKG-INFO
[1.993s] writing dependency_links to ../../build/usb_ros_com/usb_ros_com.egg-info/dependency_links.txt
[1.993s] writing entry points to ../../build/usb_ros_com/usb_ros_com.egg-info/entry_points.txt
[1.993s] writing requirements to ../../build/usb_ros_com/usb_ros_com.egg-info/requires.txt
[1.994s] writing top-level names to ../../build/usb_ros_com/usb_ros_com.egg-info/top_level.txt
[1.994s] writing manifest file '../../build/usb_ros_com/usb_ros_com.egg-info/SOURCES.txt'
[1.997s] reading manifest file '../../build/usb_ros_com/usb_ros_com.egg-info/SOURCES.txt'
[1.997s] adding license file 'LICENSE'
[1.999s] writing manifest file '../../build/usb_ros_com/usb_ros_com.egg-info/SOURCES.txt'
[1.999s] running build
[1.999s] running build_py
[2.000s] creating /home/yusuf/ros2_usb_com_ws/build/usb_ros_com/build
[2.000s] creating /home/yusuf/ros2_usb_com_ws/build/usb_ros_com/build/lib
[2.000s] creating /home/yusuf/ros2_usb_com_ws/build/usb_ros_com/build/lib/usb_ros_com
[2.000s] copying usb_ros_com/usb.py -> /home/yusuf/ros2_usb_com_ws/build/usb_ros_com/build/lib/usb_ros_com
[2.000s] copying usb_ros_com/__init__.py -> /home/yusuf/ros2_usb_com_ws/build/usb_ros_com/build/lib/usb_ros_com
[2.000s] running install
[2.001s] running install_lib
[2.002s] creating /home/yusuf/ros2_usb_com_ws/install/usb_ros_com/lib/python3.10/site-packages/usb_ros_com
[2.002s] copying /home/yusuf/ros2_usb_com_ws/build/usb_ros_com/build/lib/usb_ros_com/usb.py -> /home/yusuf/ros2_usb_com_ws/install/usb_ros_com/lib/python3.10/site-packages/usb_ros_com
[2.003s] copying /home/yusuf/ros2_usb_com_ws/build/usb_ros_com/build/lib/usb_ros_com/__init__.py -> /home/yusuf/ros2_usb_com_ws/install/usb_ros_com/lib/python3.10/site-packages/usb_ros_com
[2.003s] byte-compiling /home/yusuf/ros2_usb_com_ws/install/usb_ros_com/lib/python3.10/site-packages/usb_ros_com/usb.py to usb.cpython-310.pyc
[2.004s]   File "/home/yusuf/ros2_usb_com_ws/install/usb_ros_com/lib/python3.10/site-packages/usb_ros_com/usb.py", line 23
[2.004s]     data_str = f"linear: {msg.linear.x}, {msg.linear.y}, {msg.angular.z},{"direction"}\n"
[2.004s]                                                                            ^^^^^^^^^
[2.004s] SyntaxError: f-string: expecting '}'
[2.005s] 
[2.005s] byte-compiling /home/yusuf/ros2_usb_com_ws/install/usb_ros_com/lib/python3.10/site-packages/usb_ros_com/__init__.py to __init__.cpython-310.pyc
[2.005s] running install_data
[2.005s] creating /home/yusuf/ros2_usb_com_ws/install/usb_ros_com/share/ament_index
[2.005s] creating /home/yusuf/ros2_usb_com_ws/install/usb_ros_com/share/ament_index/resource_index
[2.005s] creating /home/yusuf/ros2_usb_com_ws/install/usb_ros_com/share/ament_index/resource_index/packages
[2.006s] copying resource/usb_ros_com -> /home/yusuf/ros2_usb_com_ws/install/usb_ros_com/share/ament_index/resource_index/packages
[2.006s] copying package.xml -> /home/yusuf/ros2_usb_com_ws/install/usb_ros_com/share/usb_ros_com
[2.006s] running install_egg_info
[2.011s] Copying ../../build/usb_ros_com/usb_ros_com.egg-info to /home/yusuf/ros2_usb_com_ws/install/usb_ros_com/lib/python3.10/site-packages/usb_ros_com-0.0.0-py3.10.egg-info
[2.012s] running install_scripts
[2.059s] Installing usb script to /home/yusuf/ros2_usb_com_ws/install/usb_ros_com/lib/usb_ros_com
[2.059s] writing list of installed files to '/home/yusuf/ros2_usb_com_ws/build/usb_ros_com/install.log'
[2.109s] Invoked command in '/home/yusuf/ros2_usb_com_ws/src/usb_ros_com' returned '0': PYTHONPATH=/home/yusuf/ros2_usb_com_ws/build/usb_ros_com/prefix_override:/usr/lib/python3/dist-packages/colcon_core/task/python/colcon_distutils_commands:/home/yusuf/ros2_usb_com_ws/install/usb_ros_com/lib/python3.10/site-packages:${PYTHONPATH} /usr/bin/python3 -W ignore:setup.py install is deprecated setup.py egg_info --egg-base ../../build/usb_ros_com build --build-base /home/yusuf/ros2_usb_com_ws/build/usb_ros_com/build install --record /home/yusuf/ros2_usb_com_ws/build/usb_ros_com/install.log --single-version-externally-managed install_data
